<?xml version="1.0" encoding="UTF-8"?>
<!-- Generated by org.testng.reporters.JUnitXMLReporter -->
<testsuite ignored="2" hostname="GWTN156-9" failures="0" tests="1" name="Default test" time="2.133" errors="0" timestamp="2023-12-21T21:55:05 MST">
  <testcase classname="tests_swagLab.HomePageVerification" name="homePageVerification" time="2.094"/>
  <testcase classname="tests_swagLab.HomePageVerification" name="homePageVerification1" time="0.0">
    <ignored/>
  </testcase> <!-- homePageVerification1 -->
  <testcase classname="tests_swagLab.HomePageVerification" name="homePageVerification2" time="0.0">
    <ignored/>
  </testcase> <!-- homePageVerification2 -->
</testsuite> <!-- Default test -->
